[debug] [2019-01-15T19:25:27.308Z] ----------------------------------------------------------------------
[debug] [2019-01-15T19:25:27.311Z] Command:       C:\Program Files\nodejs\node.exe C:\Users\Steven Minken\AppData\Roaming\npm\node_modules\firebase-tools\lib\bin\firebase.js serve
[debug] [2019-01-15T19:25:27.312Z] CLI Version:   6.2.2
[debug] [2019-01-15T19:25:27.312Z] Platform:      win32
[debug] [2019-01-15T19:25:27.312Z] Node Version:  v8.11.3
[debug] [2019-01-15T19:25:27.313Z] Time:          Tue Jan 15 2019 20:25:27 GMT+0100 (West-Europa (standaardtijd))
[debug] [2019-01-15T19:25:27.313Z] ----------------------------------------------------------------------
[debug] 
[debug] [2019-01-15T19:25:27.329Z] > command requires scopes: ["email","openid","https://www.googleapis.com/auth/cloudplatformprojects.readonly","https://www.googleapis.com/auth/firebase","https://www.googleapis.com/auth/cloud-platform"]
[debug] [2019-01-15T19:25:27.330Z] > authorizing via signed-in user
[debug] [2019-01-15T19:25:27.330Z] [iam] checking project websitesteven-702e8 for permissions ["firebase.projects.get"]
[debug] [2019-01-15T19:25:27.332Z] >>> HTTP REQUEST POST https://cloudresourcemanager.googleapis.com/v1/projects/websitesteven-702e8:testIamPermissions  

[debug] [2019-01-15T19:25:28.128Z] <<< HTTP RESPONSE 200
[debug] [2019-01-15T19:25:28.129Z] >>> HTTP REQUEST GET https://cloudresourcemanager.googleapis.com/v1/projects/websitesteven-702e8  
 
[debug] [2019-01-15T19:25:28.867Z] <<< HTTP RESPONSE 200
[info] 
[info] === Serving from 'C:\Users\Steven Minken\Documents\websiteSteven'...
[info] 
[info] i  functions: Preparing to emulate functions.
[debug] [2019-01-15T19:25:31.165Z] Fetching environment
[debug] [2019-01-15T19:25:31.175Z] >>> HTTP REQUEST GET https://mobilesdk-pa.googleapis.com/v1/projects/685295209737:getServerAppConfig  
 
[debug] [2019-01-15T19:25:31.176Z] >>> HTTP REQUEST GET https://mobilesdk-pa.googleapis.com/v1/projects/685295209737/clients/_:getWebAppConfig  
 
[debug] [2019-01-15T19:25:31.418Z] <<< HTTP RESPONSE 200
[debug] [2019-01-15T19:25:31.420Z] Starting @google-cloud/functions-emulator
[debug] [2019-01-15T19:25:31.569Z] <<< HTTP RESPONSE 200
[info] i  hosting: Serving hosting files from: public
[info] +  hosting: Local server: http://localhost:5000
[debug] [2019-01-15T19:25:34.659Z] Parsing function triggers
[info] i  functions: No HTTPS functions found. Use firebase functions:shell if you would like to emulate other types of functions.
